Determining if the pthread_create exist failed with the following output:
Change Dir: /home/hadi/catkin_ws/build/CMakeFiles/CMakeTmp

Run Build Command:"/usr/bin/make" "cmTC_a9c87/fast"
/usr/bin/make -f CMakeFiles/cmTC_a9c87.dir/build.make CMakeFiles/cmTC_a9c87.dir/build
make[1]: Entering directory '/home/hadi/catkin_ws/build/CMakeFiles/CMakeTmp'
Building C object CMakeFiles/cmTC_a9c87.dir/CheckSymbolExists.c.o
/usr/bin/cc     -o CMakeFiles/cmTC_a9c87.dir/CheckSymbolExists.c.o   -c /home/hadi/catkin_ws/build/CMakeFiles/CMakeTmp/CheckSymbolExists.c
Linking C executable cmTC_a9c87
/usr/bin/cmake -E cmake_link_script CMakeFiles/cmTC_a9c87.dir/link.txt --verbose=1
/usr/bin/cc       CMakeFiles/cmTC_a9c87.dir/CheckSymbolExists.c.o  -o cmTC_a9c87 -rdynamic 
CMakeFiles/cmTC_a9c87.dir/CheckSymbolExists.c.o: In function `main':
CheckSymbolExists.c:(.text+0x16): undefined reference to `pthread_create'
collect2: error: ld returned 1 exit status
CMakeFiles/cmTC_a9c87.dir/build.make:97: recipe for target 'cmTC_a9c87' failed
make[1]: *** [cmTC_a9c87] Error 1
make[1]: Leaving directory '/home/hadi/catkin_ws/build/CMakeFiles/CMakeTmp'
Makefile:126: recipe for target 'cmTC_a9c87/fast' failed
make: *** [cmTC_a9c87/fast] Error 2

File /home/hadi/catkin_ws/build/CMakeFiles/CMakeTmp/CheckSymbolExists.c:
/* */
#include <pthread.h>

int main(int argc, char** argv)
{
  (void)argv;
#ifndef pthread_create
  return ((int*)(&pthread_create))[argc];
#else
  (void)argc;
  return 0;
#endif
}

Determining if the function pthread_create exists in the pthreads failed with the following output:
Change Dir: /home/hadi/catkin_ws/build/CMakeFiles/CMakeTmp

Run Build Command:"/usr/bin/make" "cmTC_a00fc/fast"
/usr/bin/make -f CMakeFiles/cmTC_a00fc.dir/build.make CMakeFiles/cmTC_a00fc.dir/build
make[1]: Entering directory '/home/hadi/catkin_ws/build/CMakeFiles/CMakeTmp'
Building C object CMakeFiles/cmTC_a00fc.dir/CheckFunctionExists.c.o
/usr/bin/cc    -DCHECK_FUNCTION_EXISTS=pthread_create   -o CMakeFiles/cmTC_a00fc.dir/CheckFunctionExists.c.o   -c /usr/share/cmake-3.5/Modules/CheckFunctionExists.c
Linking C executable cmTC_a00fc
/usr/bin/cmake -E cmake_link_script CMakeFiles/cmTC_a00fc.dir/link.txt --verbose=1
/usr/bin/cc   -DCHECK_FUNCTION_EXISTS=pthread_create    CMakeFiles/cmTC_a00fc.dir/CheckFunctionExists.c.o  -o cmTC_a00fc -rdynamic -lpthreads 
/usr/bin/ld: cannot find -lpthreads
collect2: error: ld returned 1 exit status
CMakeFiles/cmTC_a00fc.dir/build.make:97: recipe for target 'cmTC_a00fc' failed
make[1]: *** [cmTC_a00fc] Error 1
make[1]: Leaving directory '/home/hadi/catkin_ws/build/CMakeFiles/CMakeTmp'
Makefile:126: recipe for target 'cmTC_a00fc/fast' failed
make: *** [cmTC_a00fc/fast] Error 2


Determining if the Q_WS_WIN exist failed with the following output:
Change Dir: /home/hadi/catkin_ws/build/CMakeFiles/CMakeTmp

Run Build Command:"/usr/bin/make" "cmTC_54189/fast"
/usr/bin/make -f CMakeFiles/cmTC_54189.dir/build.make CMakeFiles/cmTC_54189.dir/build
make[1]: Entering directory '/home/hadi/catkin_ws/build/CMakeFiles/CMakeTmp'
Building CXX object CMakeFiles/cmTC_54189.dir/CheckSymbolExists.cxx.o
/usr/bin/c++    -I/usr/include/qt4   -o CMakeFiles/cmTC_54189.dir/CheckSymbolExists.cxx.o -c /home/hadi/catkin_ws/build/CMakeFiles/CMakeTmp/CheckSymbolExists.cxx
/home/hadi/catkin_ws/build/CMakeFiles/CMakeTmp/CheckSymbolExists.cxx: In function ‘int main(int, char**)’:
/home/hadi/catkin_ws/build/CMakeFiles/CMakeTmp/CheckSymbolExists.cxx:8:19: error: ‘Q_WS_WIN’ was not declared in this scope
   return ((int*)(&Q_WS_WIN))[argc];
                   ^
CMakeFiles/cmTC_54189.dir/build.make:65: recipe for target 'CMakeFiles/cmTC_54189.dir/CheckSymbolExists.cxx.o' failed
make[1]: *** [CMakeFiles/cmTC_54189.dir/CheckSymbolExists.cxx.o] Error 1
make[1]: Leaving directory '/home/hadi/catkin_ws/build/CMakeFiles/CMakeTmp'
Makefile:126: recipe for target 'cmTC_54189/fast' failed
make: *** [cmTC_54189/fast] Error 2

File /home/hadi/catkin_ws/build/CMakeFiles/CMakeTmp/CheckSymbolExists.cxx:
/* */
#include <QtCore/qglobal.h>

int main(int argc, char** argv)
{
  (void)argv;
#ifndef Q_WS_WIN
  return ((int*)(&Q_WS_WIN))[argc];
#else
  (void)argc;
  return 0;
#endif
}

Determining if the Q_WS_QWS exist failed with the following output:
Change Dir: /home/hadi/catkin_ws/build/CMakeFiles/CMakeTmp

Run Build Command:"/usr/bin/make" "cmTC_1adf1/fast"
/usr/bin/make -f CMakeFiles/cmTC_1adf1.dir/build.make CMakeFiles/cmTC_1adf1.dir/build
make[1]: Entering directory '/home/hadi/catkin_ws/build/CMakeFiles/CMakeTmp'
Building CXX object CMakeFiles/cmTC_1adf1.dir/CheckSymbolExists.cxx.o
/usr/bin/c++    -I/usr/include/qt4   -o CMakeFiles/cmTC_1adf1.dir/CheckSymbolExists.cxx.o -c /home/hadi/catkin_ws/build/CMakeFiles/CMakeTmp/CheckSymbolExists.cxx
/home/hadi/catkin_ws/build/CMakeFiles/CMakeTmp/CheckSymbolExists.cxx: In function ‘int main(int, char**)’:
/home/hadi/catkin_ws/build/CMakeFiles/CMakeTmp/CheckSymbolExists.cxx:8:19: error: ‘Q_WS_QWS’ was not declared in this scope
   return ((int*)(&Q_WS_QWS))[argc];
                   ^
CMakeFiles/cmTC_1adf1.dir/build.make:65: recipe for target 'CMakeFiles/cmTC_1adf1.dir/CheckSymbolExists.cxx.o' failed
make[1]: *** [CMakeFiles/cmTC_1adf1.dir/CheckSymbolExists.cxx.o] Error 1
make[1]: Leaving directory '/home/hadi/catkin_ws/build/CMakeFiles/CMakeTmp'
Makefile:126: recipe for target 'cmTC_1adf1/fast' failed
make: *** [cmTC_1adf1/fast] Error 2

File /home/hadi/catkin_ws/build/CMakeFiles/CMakeTmp/CheckSymbolExists.cxx:
/* */
#include <QtCore/qglobal.h>

int main(int argc, char** argv)
{
  (void)argv;
#ifndef Q_WS_QWS
  return ((int*)(&Q_WS_QWS))[argc];
#else
  (void)argc;
  return 0;
#endif
}

Determining if the Q_WS_MAC exist failed with the following output:
Change Dir: /home/hadi/catkin_ws/build/CMakeFiles/CMakeTmp

Run Build Command:"/usr/bin/make" "cmTC_c93f7/fast"
/usr/bin/make -f CMakeFiles/cmTC_c93f7.dir/build.make CMakeFiles/cmTC_c93f7.dir/build
make[1]: Entering directory '/home/hadi/catkin_ws/build/CMakeFiles/CMakeTmp'
Building CXX object CMakeFiles/cmTC_c93f7.dir/CheckSymbolExists.cxx.o
/usr/bin/c++    -I/usr/include/qt4   -o CMakeFiles/cmTC_c93f7.dir/CheckSymbolExists.cxx.o -c /home/hadi/catkin_ws/build/CMakeFiles/CMakeTmp/CheckSymbolExists.cxx
/home/hadi/catkin_ws/build/CMakeFiles/CMakeTmp/CheckSymbolExists.cxx: In function ‘int main(int, char**)’:
/home/hadi/catkin_ws/build/CMakeFiles/CMakeTmp/CheckSymbolExists.cxx:8:19: error: ‘Q_WS_MAC’ was not declared in this scope
   return ((int*)(&Q_WS_MAC))[argc];
                   ^
CMakeFiles/cmTC_c93f7.dir/build.make:65: recipe for target 'CMakeFiles/cmTC_c93f7.dir/CheckSymbolExists.cxx.o' failed
make[1]: *** [CMakeFiles/cmTC_c93f7.dir/CheckSymbolExists.cxx.o] Error 1
make[1]: Leaving directory '/home/hadi/catkin_ws/build/CMakeFiles/CMakeTmp'
Makefile:126: recipe for target 'cmTC_c93f7/fast' failed
make: *** [cmTC_c93f7/fast] Error 2

File /home/hadi/catkin_ws/build/CMakeFiles/CMakeTmp/CheckSymbolExists.cxx:
/* */
#include <QtCore/qglobal.h>

int main(int argc, char** argv)
{
  (void)argv;
#ifndef Q_WS_MAC
  return ((int*)(&Q_WS_MAC))[argc];
#else
  (void)argc;
  return 0;
#endif
}

